<?xml version="1.0" encoding="UTF-8"?>
<testsuite xmlns:xsi="http://www.w3.org/2001/XMLSchema-instance" xsi:noNamespaceSchemaLocation="https://maven.apache.org/surefire/maven-surefire-plugin/xsd/surefire-test-report-3.0.xsd" version="3.0" name="cucumberOptions.TestNGTestRunner" time="3.079" tests="1" errors="0" skipped="0" failures="1">
  <properties>
[...]
</properties>
  <testcase name="runScenario[&quot;Search experience in both home and offer page of greencart&quot;, &quot;Search and place the Order&quot;](1)" classname="cucumberOptions.TestNGTestRunner" time="0.242">
    <failure message="class stepDefenitions.landingpage does not have a public zero-argument constructor.&#10;&#10;To use dependency injection add an other ObjectFactory implementation such as:&#10; * cucumber-picocontainer&#10; * cucumber-spring&#10; * cucumber-jakarta-cdi&#10; * ...etc&#10;" type="io.cucumber.core.exception.CucumberException"><![CDATA[io.cucumber.core.exception.CucumberException: 
class stepDefenitions.landingpage does not have a public zero-argument constructor.

To use dependency injection add an other ObjectFactory implementation such as:
 * cucumber-picocontainer
 * cucumber-spring
 * cucumber-jakarta-cdi
 * ...etc

Caused by: java.lang.NoSuchMethodException: stepDefenitions.landingpage.<init>()
]]></failure>
    <system-err><![CDATA[SLF4J(I): Connected with provider of type [org.slf4j.reload4j.Reload4jServiceProvider]
]]></system-err>
  </testcase>
</testsuite>