<?xml version="1.0" encoding="UTF-8"?>
<testng-results ignored="0" total="2" passed="2" failed="0" skipped="0">
  <reporter-output>
  </reporter-output>
  <suite started-at="2024-05-30T18:26:58 IST" name="Default suite" finished-at="2024-05-30T18:27:11 IST" duration-ms="12815">
    <groups>
      <group name="cucumber">
        <method signature="AbstractTestNGCucumberTests.runScenario(io.cucumber.testng.PickleWrapper,io.cucumber.testng.FeatureWrapper)[pri:0, instance:cucumberOptions.TestNGTestRunner@333d4a8c]" name="runScenario" class="io.cucumber.testng.AbstractTestNGCucumberTests"/>
      </group> <!-- cucumber -->
    </groups>
    <test started-at="2024-05-30T18:26:58 IST" name="Default test" finished-at="2024-05-30T18:27:11 IST" duration-ms="12815">
      <class name="cucumberOptions.TestNGTestRunner">
        <test-method is-config="true" signature="setUpClass(org.testng.ITestContext)[pri:0, instance:cucumberOptions.TestNGTestRunner@333d4a8c]" started-at="2024-05-30T18:26:58 IST" name="setUpClass" finished-at="2024-05-30T18:26:59 IST" duration-ms="477" status="PASS">
          <params>
            <param index="0">
              <value>
                <![CDATA[org.testng.TestRunner@5c00384f]]>
              </value>
            </param>
          </params>
          <reporter-output>
          </reporter-output>
        </test-method> <!-- setUpClass -->
        <test-method signature="runScenario(io.cucumber.testng.PickleWrapper,io.cucumber.testng.FeatureWrapper)[pri:0, instance:cucumberOptions.TestNGTestRunner@333d4a8c]" started-at="2024-05-30T18:26:59 IST" name="runScenario" description="Runs Cucumber Scenarios" data-provider="scenarios" finished-at="2024-05-30T18:27:11 IST" duration-ms="12237" status="PASS">
          <params>
            <param index="0">
              <value>
                <![CDATA["Search experience in both home and offer page of greencart"]]>
              </value>
            </param>
            <param index="1">
              <value>
                <![CDATA["Search and check Item"]]>
              </value>
            </param>
          </params>
          <reporter-output>
          </reporter-output>
        </test-method> <!-- runScenario -->
        <test-method signature="runScenario(io.cucumber.testng.PickleWrapper,io.cucumber.testng.FeatureWrapper)[pri:0, instance:cucumberOptions.TestNGTestRunner@333d4a8c]" started-at="2024-05-30T18:26:59 IST" name="runScenario" description="Runs Cucumber Scenarios" data-provider="scenarios" finished-at="2024-05-30T18:27:09 IST" duration-ms="10465" status="PASS">
          <params>
            <param index="0">
              <value>
                <![CDATA["Order an item and check its name"]]>
              </value>
            </param>
            <param index="1">
              <value>
                <![CDATA["Place the Order and check Item"]]>
              </value>
            </param>
          </params>
          <reporter-output>
          </reporter-output>
        </test-method> <!-- runScenario -->
        <test-method is-config="true" signature="tearDownClass()[pri:0, instance:cucumberOptions.TestNGTestRunner@333d4a8c]" started-at="2024-05-30T18:27:11 IST" name="tearDownClass" finished-at="2024-05-30T18:27:11 IST" duration-ms="3" status="PASS">
          <reporter-output>
          </reporter-output>
        </test-method> <!-- tearDownClass -->
      </class> <!-- cucumberOptions.TestNGTestRunner -->
    </test> <!-- Default test -->
  </suite> <!-- Default suite -->
</testng-results>
